2023.01.15, 21:14:10 UTC -> GUILD: PowerBot (994975619521712219) | Nachricht (ID: 1064291424192966747) von Dannyy in error-logs gelöscht!
----> Nachricht: .
2023.01.15, 21:14:27 UTC -> GUILD: PowerBot (994975619521712219) | Nachricht (ID: 1064291493688389642) von Dannyy in error-logs gelöscht!
----> Nachricht: hjgj
2023.01.15, 21:55:35 UTC -> GUILD: PowerBot (994975619521712219) | Nachricht (ID: 1064301828738662531) von Dannyy in error-logs gelöscht!
----> Nachricht: ficken
2023.01.15, 21:55:57 UTC -> GUILD: Emergency Lüdenscheid (396282694906150913) | Nachricht (ID: 1064301939296305282) von Dannyy in off-topic gelöscht!
----> Nachricht: .
2023.01.16, 06:32:45 UTC -> GUILD: Emergency Lüdenscheid (396282694906150913) | Nachricht (ID: 1064429283906441216) von bleckbiert in spielersuche gelöscht!
----> Nachricht: suche jemanden dem ich die leitstelle machen kannn
2023.01.16, 08:55:08 UTC -> GUILD: Emergency Lüdenscheid (396282694906150913) | Nachricht (ID: 1064467830889783358) von JKol in shuffle gelöscht!
----> Nachricht: /shuffle
2023.01.16, 12:08:55 UTC -> GUILD: Emergency Lüdenscheid (396282694906150913) | Nachricht (ID: 1064516409696210944) von Davit230 (996893817317900288) in spielersuche gelöscht!
----> Nachricht: Braucht wer noch wen? Aber ich rede nicht.
2023.01.16, 14:36:29 UTC -> GUILD: Emergency Lüdenscheid (396282694906150913) | Nachricht (ID: 1064553225044373646) von I_FIDMER (552875608451842050) in spielersuche gelöscht!
----> Nachricht: Suche noch +4
2023.01.16, 15:46:52 UTC -> GUILD: Emergency Lüdenscheid (396282694906150913) | Nachricht (ID: 1064571448997449768) von timo1988sb (355455384695209996) in shuffle gelöscht!
----> Nachricht: hallo
2023.01.16, 19:22:00 UTC -> GUILD: Emergency Lüdenscheid (396282694906150913) | Nachricht (ID: 1064625566906601572) von Leon Crito (339963918963441665) in 🏆︱level-check gelöscht!
----> Nachricht: /userbanner
2023.01.16, 20:11:00 UTC -> GUILD: Emergency Lüdenscheid (396282694906150913) | Nachricht (ID: 1064616053726003342) von 𝓛𝓮𝓸 (609057609953312789) in BST gelöscht!
----> Nachricht: TOPAS NEW:


rd_2015_ktw -> pintsch_topas_02


HAENSCH MOVIA/COMET/KL8000:

fw_2024_mlf ->  martin_02
fw_2025_lf -> haensch_movia_led_typ520
fw_2028_lf ->  martin_01
fw_2029_mlf -> haensch_movia_led_typ520
fw_2035_dlk ->  haensch_movia_led_typ520
fw_2036_dlk -> haensch_pressluft
fw_2042_tlf -> haensch_movia_led_typ520
fw_2052_wlf-> haensch_stadt
fw_2064_gwl2 ->  wandel_u_goltermann_wa3
fw_2065_sw2000-> haensch_pressluft
fw_2072_rw-> martin_08

STANDBYW1:


rd_2018_nef -> standby_w1
rd_2027_nef -> standby_w1


HAENSCH QS:



 
FAHRTEC:


WAS:



GSF:

rd_2031_naw-> martin_09
rd_2032_naw-> martin_09
2023.01.16, 22:44:01 UTC -> GUILD: Emergency Lüdenscheid (396282694906150913) | Nachricht (ID: 1064675737380061234) von fux714 (609123303889567760) in spielersuche gelöscht!
----> Nachricht: oder spieler
2023.01.17, 00:22:14 UTC -> GUILD: Emergency Lüdenscheid (396282694906150913) | Nachricht (ID: 1064701077603233813) von -=] AoFA [=- 🚚🚛 Mike16 [GER] (294565855319293952) in 💬︱gaming-talk gelöscht!
----> Nachricht: Habe ich leider nur für den Computer
2023.01.17, 00:22:39 UTC -> GUILD: Emergency Lüdenscheid (396282694906150913) | Nachricht (ID: 1064701227180498954) von -=] AoFA [=- 🚚🚛 Mike16 [GER] (294565855319293952) in spielersuche gelöscht!
----> Nachricht: Sucht noch wer?
2023.01.17, 14:26:07 UTC -> GUILD: Emergency Lüdenscheid (396282694906150913) | Nachricht (ID: 1064913512922632214) von 𝓛𝓮𝓸 (609057609953312789) in 🎫︱lds-support gelöscht!
----> Nachricht: !bevdichte
2023.01.17, 15:32:17 UTC -> GUILD: Emergency Lüdenscheid (396282694906150913) | Nachricht (ID: 1064930013515882617) von Timo Santa (937087372653391904) in 🏆︱level-check gelöscht!
----> Nachricht: /user banner
2023.01.17, 17:03:36 UTC -> GUILD: Emergency Lüdenscheid (396282694906150913) | Nachricht (ID: 1064953118611226744) von tscheeeykaaa (694077766718455851) in spielersuche gelöscht!
----> Nachricht: Wo bist du hin?
2023.01.17, 17:36:05 UTC -> GUILD: Emergency Lüdenscheid (396282694906150913) | Nachricht (ID: 1064961301601865871) von 𝓛𝓮𝓸 (609057609953312789) in LNZ gelöscht!
----> Nachricht: hey
2023.01.17, 17:36:13 UTC -> GUILD: Emergency Lüdenscheid (396282694906150913) | Nachricht (ID: 1064961341686808606) von 𝓛𝓮𝓸 (609057609953312789) in Entwickler-Blog gelöscht!
----> Nachricht: ola
2023.01.17, 17:53:43 UTC -> GUILD: Emergency Lüdenscheid (396282694906150913) | Nachricht (ID: 1064965749308915782) von 𝓛𝓮𝓸 (609057609953312789) in BST gelöscht!
----> Nachricht: <@235519738049069073>
2023.01.17, 17:54:49 UTC -> GUILD: Emergency Lüdenscheid (396282694906150913) | Nachricht (ID: 1064966024195223604) von 𝓛𝓮𝓸 (609057609953312789) in BST gelöscht!
----> Nachricht: <@655490917855395860>
2023.01.17, 18:08:51 UTC -> GUILD: Emergency Lüdenscheid (396282694906150913) | Nachricht (ID: 1064968671249838100) von einsGato (235519738049069073) in BST gelöscht!
----> Nachricht: Avatar fehlt
23-HLF-20-01 
GW-Dekon
2023.01.17, 19:40:51 UTC -> GUILD: Emergency Lüdenscheid (396282694906150913) | Nachricht (ID: 1064992008738983937) von Dannyy (539513467313455105) in BST gelöscht!
----> Nachricht: Einsatznummern fehlen
2023.01.17, 19:40:57 UTC -> GUILD: Emergency Lüdenscheid (396282694906150913) | Nachricht (ID: 1064992106277523557) von DarkSilent (139139393746108417) in BST gelöscht!
----> Nachricht: Das ist kein Fehler
2023.01.17, 19:40:59 UTC -> GUILD: Emergency Lüdenscheid (396282694906150913) | Nachricht (ID: 1064992282455052348) von DarkSilent (139139393746108417) in BST gelöscht!
----> Nachricht: Das ist nur in der laufenden Version der Lst nicht drin, sondern erst in der nächsten.
2023.01.17, 19:41:01 UTC -> GUILD: Emergency Lüdenscheid (396282694906150913) | Nachricht (ID: 1064992681954115634) von Dannyy (539513467313455105) in BST gelöscht!
----> Nachricht: ah ok 😄
2023.01.17, 19:41:03 UTC -> GUILD: Emergency Lüdenscheid (396282694906150913) | Nachricht (ID: 1064992700862058586) von Dannyy (539513467313455105) in BST gelöscht!
----> Nachricht: dann lösch ichs wieder 😄
2023.01.17, 19:43:25 UTC -> GUILD: Emergency Lüdenscheid (396282694906150913) | Nachricht (ID: 1064993290631528532) von einsGato (235519738049069073) in BST gelöscht!
----> Nachricht: TAG-Einsatz hat Unteraufgabe, dass Gebäude sowohl mit Pol als auch mit SEK gestürmt werden soll. SEK reicht aber
2023.01.17, 20:03:46 UTC -> GUILD: Emergency Lüdenscheid (396282694906150913) | Nachricht (ID: 1064993056094441482) von Dannyy (539513467313455105) in BST gelöscht!
----> Nachricht: Normal hast bei Rechtsklick ja "Krankenhaus zuweisen". Des hat man beim ITW nicht
2023.01.17, 20:03:57 UTC -> GUILD: Emergency Lüdenscheid (396282694906150913) | Nachricht (ID: 1064993709617315971) von DarkSilent (139139393746108417) in BST gelöscht!
----> Nachricht: Passt, geht nun
2023.01.17, 20:03:59 UTC -> GUILD: Emergency Lüdenscheid (396282694906150913) | Nachricht (ID: 1064993774033453206) von DarkSilent (139139393746108417) in BST gelöscht!
----> Nachricht: Beta baut neu. In na Minute STRG+SHIFT+R 😉
2023.01.17, 20:04:02 UTC -> GUILD: Emergency Lüdenscheid (396282694906150913) | Nachricht (ID: 1064994042787676200) von DarkSilent (139139393746108417) in BST gelöscht!
----> Nachricht: Jetzt 🙂
2023.01.17, 20:06:40 UTC -> GUILD: Emergency Lüdenscheid (396282694906150913) | Nachricht (ID: 1064992836052856934) von DarkSilent (139139393746108417) in BST gelöscht!
----> Nachricht: Ist da das Menü nicht sichtbar? Wie heißt der?
2023.01.17, 20:06:44 UTC -> GUILD: Emergency Lüdenscheid (396282694906150913) | Nachricht (ID: 1064994248803504254) von 𝓛𝓮𝓸 (609057609953312789) in BST gelöscht!
----> Nachricht: danke 😄
2023.01.17, 20:06:48 UTC -> GUILD: Emergency Lüdenscheid (396282694906150913) | Nachricht (ID: 1064989374674124910) von Dannyy (539513467313455105) in BST gelöscht!
----> Nachricht: Keine Krankenhauszuweisung von ITW in der LST möglich
2023.01.17, 20:34:05 UTC -> GUILD: Emergency Lüdenscheid (396282694906150913) | Nachricht (ID: 1065006086748377148) von Arno (667073759395577879) in 🏆︱level-check gelöscht!
----> Nachricht: /userbanner
2023.01.17, 20:53:27 UTC -> GUILD: Emergency Lüdenscheid (396282694906150913) | Nachricht (ID: 1065010970461732904) von Hyper522 (527902527149047818) in spielersuche gelöscht!
----> Nachricht: Ihr habt noch 2 plätze frei ?
2023.01.17, 20:57:27 UTC -> GUILD: Emergency Lüdenscheid (396282694906150913) | Nachricht (ID: 1065010864320688189) von fux714 (609123303889567760) in spielersuche gelöscht!
----> Nachricht: Noch 2
2023.01.18, 12:44:10 UTC -> GUILD: Emergency Lüdenscheid (396282694906150913) | Nachricht (ID: 1065249715966464060) von NightHawkStream/Maverick (365475213091143680) in 🎫︱em-support gelöscht!
----> Nachricht: hey hat hier noch jemand das probleme das beim installieren einer mod es immer stockt?
Ich muss dann immer das Fenster schließen und die installation neu starten wobei er da dann auf den letzten installationsstand springt und dort dann ein wenig weiter kommt bevor ich das wiederholen musss
2023.01.18, 15:28:21 UTC -> GUILD: Emergency Lüdenscheid (396282694906150913) | Nachricht (ID: 1065291498939236422) von tscheeeykaaa (694077766718455851) in spielersuche gelöscht!
----> Nachricht: +1
2023.01.18, 17:48:40 UTC -> GUILD: Emergency Lüdenscheid (396282694906150913) | Nachricht (ID: 1065326032137236560) von fux714 (609123303889567760) in spielersuche gelöscht!
----> Nachricht: +3
2023.01.18, 18:14:25 UTC -> GUILD: Emergency Lüdenscheid (396282694906150913) | Nachricht (ID: 1065326849888112771) von Florian6696 (658691884285165589) in spielersuche gelöscht!
----> Nachricht: Suchen noch  1https://discord.com/channels/396282694906150913/803686286846066712
2023.01.18, 18:26:40 UTC -> GUILD: Emergency Lüdenscheid (396282694906150913) | Nachricht (ID: 1065336431117082744) von 𝓛𝓮𝓸 (609057609953312789) in BST gelöscht!
----> Nachricht: <@254898041767723009>
2023.01.18, 18:49:50 UTC -> GUILD: Emergency Lüdenscheid (396282694906150913) | Nachricht (ID: 1065341862015152189) von Florian6696 (658691884285165589) in spielersuche gelöscht!
----> Nachricht: Suchen noch 2https://discord.com/channels/396282694906150913/1065333693671018496
2023.01.18, 20:55:25 UTC -> GUILD: Emergency Lüdenscheid (396282694906150913) | Nachricht (ID: 1065373038310330439) von Skipper | Jonas (272337389752549376) in spielersuche gelöscht!
----> Nachricht: suchen einen
2023.01.18, 21:02:01 UTC -> GUILD: Emergency Lüdenscheid (396282694906150913) | Nachricht (ID: 1065375172867141732) von fux714 (609123303889567760) in spielersuche gelöscht!
----> Nachricht: https://discord.gg/4cDSMsVb
2023.01.18, 21:34:47 UTC -> GUILD: Emergency Lüdenscheid (396282694906150913) | Nachricht (ID: 1065383583499440128) von Ruhrpott Gaming TV (596414571636588544) in spielersuche gelöscht!
----> Nachricht: richtig und warum macht er es dann
2023.01.19, 14:24:31 UTC -> GUILD: Emergency Lüdenscheid (396282694906150913) | Nachricht (ID: 1065632276009979924) von Monduntergang (912797428451774494) in spielersuche gelöscht!
----> Nachricht: Suche noch 2 Mitspieler
2023.01.19, 15:25:53 UTC -> GUILD: Emergency Lüdenscheid (396282694906150913) | Nachricht (ID: 1065653296452358184) von Valgon (632613497724993566) in 🚒 Einsatz #Rammstein.MLW|Kevin gelöscht!
----> Nachricht: <@916371739242561597>
2023.01.19, 16:12:28 UTC -> GUILD: Emergency Lüdenscheid (396282694906150913) | Nachricht (ID: 1065664893488992266) von Felix2121 (1043151643484635206) in modding-talk gelöscht!
----> Nachricht: .
2023.01.19, 20:19:03 UTC -> GUILD: Emergency Lüdenscheid (396282694906150913) | Nachricht (ID: 1065723405292273684) von 𝓛𝓮𝓸 (609057609953312789) in BST gelöscht!
----> Nachricht: F1 - Containerbrand vllt zu -> F1 - Kleinbrand o. Rauchentwicklung 
(da nicht nur Container brennen, sondern auch Tische Stühle oder andere kleinere Objekte)
2023.01.19, 21:31:58 UTC -> GUILD: Emergency Lüdenscheid (396282694906150913) | Nachricht (ID: 1065745430140436591) von Digital195 (289759037573169162) in changelog gelöscht!
----> Nachricht: **BETA 19.01.2023 23:00:00**
- Neue Minimaps
- Neue LDS Wache 8 (WIP)
- Neue LDS Wache 6/14
- Neue Skins für BST Wache 2
- Alarmierungsmenü lässt sich in der Playerselection nicht mehr öffnen
- Alte Blocker auf LDS aufgeräumt
- Diverse Fixes bei BST
2023.01.20, 13:53:29 UTC -> GUILD: Emergency Lüdenscheid (396282694906150913) | Nachricht (ID: 1065986423104229418) von elvaquero (123667935691669504) in user-galerie gelöscht!
----> Nachricht: bitte nur kurz behandeln, muss nicht ins krankenhaus danke
2023.01.20, 14:26:34 UTC -> GUILD: Emergency Lüdenscheid (396282694906150913) | Nachricht (ID: 1066000747008897074) von Bonzi (361864274169036801) in user-galerie gelöscht!
----> Nachricht: Zugführer Qualifikation hinterhergeworfen bekommen 😄
2023.01.20, 14:28:08 UTC -> GUILD: Emergency Lüdenscheid (396282694906150913) | Nachricht (ID: 1066001143769083914) von Bonzi (361864274169036801) in user-galerie gelöscht!
----> Nachricht: Das mit dem Zugführer hat sich aufm ZF vom 01-ELW1-01 bezogen, ned aufm FW Spieler  😮
2023.01.20, 14:29:50 UTC -> GUILD: Emergency Lüdenscheid (396282694906150913) | Nachricht (ID: 1066001608959344701) von Dannyy (539513467313455105) in user-galerie gelöscht!
----> Nachricht: -
2023.01.20, 14:34:52 UTC -> GUILD: Emergency Lüdenscheid (396282694906150913) | Nachricht (ID: 1066002877002301471) von Dannyy (539513467313455105) in user-galerie gelöscht!
----> Nachricht: .
2023.01.20, 14:35:11 UTC -> GUILD: Emergency Lüdenscheid (396282694906150913) | Nachricht (ID: 1066002949911891980) von Dannyy (539513467313455105) in user-galerie gelöscht!
----> Nachricht: .
2023.01.20, 14:37:30 UTC -> GUILD: Emergency Lüdenscheid (396282694906150913) | Nachricht (ID: 1066003523768160376) von Dannyy (539513467313455105) in user-galerie gelöscht!
----> Nachricht: .
2023.01.20, 14:37:45 UTC -> GUILD: Emergency Lüdenscheid (396282694906150913) | Nachricht (ID: 1066003598187708487) von Dannyy (539513467313455105) in user-galerie gelöscht!
----> Nachricht: .
2023.01.20, 14:39:38 UTC -> GUILD: Emergency Lüdenscheid (396282694906150913) | Nachricht (ID: 1066004077173031042) von Dannyy (539513467313455105) in user-galerie gelöscht!
----> Nachricht: .
2023.01.20, 14:41:25 UTC -> GUILD: PowerBot (994975619521712219) | Nachricht (ID: 1066004529977503894) von Dannyy (539513467313455105) in error-logs gelöscht!
----> Nachricht: .
2023.01.20, 14:41:46 UTC -> GUILD: PowerBot (994975619521712219) | Nachricht (ID: 1066004615419658271) von Dannyy (539513467313455105) in error-logs gelöscht!
----> Nachricht: .
2023.01.20, 14:42:30 UTC -> GUILD: PowerBot (994975619521712219) | Nachricht (ID: 1066004800052940850) von Dannyy (539513467313455105) in error-logs gelöscht!
----> Nachricht: .
2023.01.20, 14:42:32 UTC -> GUILD: PowerBot (994975619521712219) | Nachricht (ID: 1066004810979102790) von Dannyy (539513467313455105) in error-logs gelöscht!
----> Nachricht: .
2023.01.20, 14:44:27 UTC -> GUILD: Emergency Lüdenscheid (396282694906150913) | Nachricht (ID: 1066005275691208724) von elvaquero (123667935691669504) in 🏆︱level-check gelöscht!
----> Nachricht: /userbanner
2023.01.20, 14:45:47 UTC -> GUILD: PowerBot (994975619521712219) | Nachricht (ID: 1066005484596908142) von Dannyy (539513467313455105) in error-logs gelöscht!
----> Nachricht: .
2023.01.20, 14:46:31 UTC -> GUILD: PowerBot (994975619521712219) | Nachricht (ID: 1066005814105604119) von Dannyy (539513467313455105) in error-logs gelöscht!
----> Nachricht: .
2023.01.20, 14:47:21 UTC -> GUILD: Emergency Lüdenscheid (396282694906150913) | Nachricht (ID: 1066006006674501742) von 𝓛𝓮𝓸 (609057609953312789) in user-galerie gelöscht!
----> Nachricht: .
2023.01.20, 14:53:34 UTC -> GUILD: Emergency Lüdenscheid (396282694906150913) | Nachricht (ID: 1066007587297964142) von Davit230 (996893817317900288) in user-galerie gelöscht!
----> Nachricht: Wer?
2023.01.20, 14:54:43 UTC -> GUILD: Emergency Lüdenscheid (396282694906150913) | Nachricht (ID: 1066007874939142184) von Dannyy (539513467313455105) in 🏆︱level-check gelöscht!
----> Nachricht: .
2023.01.20, 15:38:53 UTC -> GUILD: PowerBot (994975619521712219) | Nachricht (ID: 1066018980650815528) von Dannyy (539513467313455105) in error-logs gelöscht!
----> Nachricht: .
2023.01.20, 16:00:31 UTC -> GUILD: Emergency Lüdenscheid (396282694906150913) | Nachricht (ID: 1066024433187303465) von tscheeeykaaa (694077766718455851) in user-galerie gelöscht!
----> Nachricht: Also ich weiß wer keine Schule hat
2023.01.20, 16:00:47 UTC -> GUILD: Emergency Lüdenscheid (396282694906150913) | Nachricht (ID: 1066024435791970314) von tscheeeykaaa (694077766718455851) in Also ich weiß wer keine Schule hat gelöscht!
----> Nachricht: test
2023.01.20, 16:42:18 UTC -> GUILD: Emergency Lüdenscheid (396282694906150913) | Nachricht (ID: 1066034944897454101) von Dannyy (539513467313455105) in tester-chat gelöscht!
----> Nachricht: <@734214604460261439>
2023.01.20, 18:13:35 UTC -> GUILD: Emergency Lüdenscheid (396282694906150913) | Nachricht (ID: 1066057924323065937) von Jesse Bender (246688581345738753) in shuffle gelöscht!
----> Nachricht: /shuffle
2023.01.20, 18:13:45 UTC -> GUILD: Emergency Lüdenscheid (396282694906150913) | Nachricht (ID: 1066057966119301171) von der kleine Grott (537389124378951682) in shuffle gelöscht!
----> Nachricht: shuffle
2023.01.20, 18:13:56 UTC -> GUILD: Emergency Lüdenscheid (396282694906150913) | Nachricht (ID: 1066058009387741295) von Jan.Holt (405741167955935232) in shuffle gelöscht!
----> Nachricht: /shuffle
2023.01.20, 18:51:48 UTC -> GUILD: Emergency Lüdenscheid (396282694906150913) | Nachricht (ID: 1066064787710160896) von FrankfurterBubb (439721857600716810) in spielersuche gelöscht!
----> Nachricht: +2 https://discord.gg/ukuJbYXv
2023.01.20, 19:03:10 UTC -> GUILD: Emergency Lüdenscheid (396282694906150913) | Nachricht (ID: 1066070399605035069) von Jan.Holt (405741167955935232) in shuffle gelöscht!
----> Nachricht: /shuffle
2023.01.20, 19:50:53 UTC -> GUILD: Emergency Lüdenscheid (396282694906150913) | Nachricht (ID: 1066082408702693477) von tscheeeykaaa (694077766718455851) in shuffle gelöscht!
----> Nachricht: falscher befehl D:
2023.01.20, 21:08:24 UTC -> GUILD: Emergency Lüdenscheid (396282694906150913) | Nachricht (ID: 1066095444872151040) von Firemaaax (383255705064439808) in spielersuche gelöscht!
----> Nachricht: wir suchen noch einen Spieler
2023.01.20, 23:25:20 UTC -> GUILD: Emergency Lüdenscheid (396282694906150913) | Nachricht (ID: 1066133044462899360) von Digital195 (289759037573169162) in LDS gelöscht!
----> Nachricht: ~~VU auf der Autobahnbrücke, entweder von der Brücke auf eine Ebene verschieben oder VU dort entfernen~~
2023.01.20, 23:33:21 UTC -> GUILD: Emergency Lüdenscheid (396282694906150913) | Nachricht (ID: 1066133302177710211) von Digital195 (289759037573169162) in LDS gelöscht!
----> Nachricht: ELW 1 ELW 2 Horn ändern
2023.01.20, 23:33:24 UTC -> GUILD: Emergency Lüdenscheid (396282694906150913) | Nachricht (ID: 1066133340794662993) von Digital195 (289759037573169162) in LDS gelöscht!
----> Nachricht: LNA Horn ändern/ prüfen
2023.01.20, 23:34:25 UTC -> GUILD: Emergency Lüdenscheid (396282694906150913) | Nachricht (ID: 1066133248599674931) von Digital195 (289759037573169162) in LDS gelöscht!
----> Nachricht: IRTW Commands für Behandeln etc.
2023.01.21, 00:03:38 UTC -> GUILD: Emergency Lüdenscheid (396282694906150913) | Nachricht (ID: 1066132702140579891) von Digital195 (289759037573169162) in LDS gelöscht!
----> Nachricht: ~~Schienengebiet hat Blocker, entweder unfall verschieben oder blocker abändern~~ geändert
2023.01.21, 06:48:24 UTC -> GUILD: Emergency Lüdenscheid (396282694906150913) | Nachricht (ID: 1066133940085194866) von tscheeeykaaa (694077766718455851) in user-galerie gelöscht!
----> Nachricht: Zwar gegen Ende mit Bugs, aber HALLOOOO?!?!?!?!!!
2023.01.21, 09:38:36 UTC -> GUILD: Emergency Lüdenscheid (396282694906150913) | Nachricht (ID: 1066024827611262998) von Davit230 (996893817317900288) in Also ich weiß wer keine Schule hat gelöscht!
----> Nachricht: Brandstiftung?
2023.01.21, 10:28:34 UTC -> GUILD: Emergency Lüdenscheid (396282694906150913) | Nachricht (ID: 1066303283909632031) von tscheeeykaaa (694077766718455851) in 🏆︱level-check gelöscht!
----> Nachricht: /userbanner
2023.01.21, 11:40:19 UTC -> GUILD: Emergency Lüdenscheid (396282694906150913) | Nachricht (ID: 1066303896852647956) von Bonzi (361864274169036801) in spielersuche gelöscht!
----> Nachricht: Suchen zwei Ü16
https://discord.gg/2kvugVBb
2023.01.21, 14:24:39 UTC -> GUILD: PowerBot (994975619521712219) | Nachricht (ID: 1066362680274849812) von Dannyy (539513467313455105) in error-logs gelöscht!
----> Nachricht: <:cod:1066362627015581766>
2023.01.21, 17:33:04 UTC -> GUILD: Emergency Lüdenscheid (396282694906150913) | Nachricht (ID: 1066410104397770842) von 𝓛𝓮𝓸 (609057609953312789) in tester-chat gelöscht!
----> Nachricht: <@&425739168946192384> <@&396607809736671243>
2023.01.21, 17:50:14 UTC -> GUILD: Emergency Lüdenscheid (396282694906150913) | Nachricht (ID: 1066414434806943845) von hobby_loser_Typ (786992466238373918) in user-galerie gelöscht!
----> Nachricht: sieht sehr nice aus. hat bestimmt lange gedauert
2023.01.21, 17:53:12 UTC -> GUILD: Emergency Lüdenscheid (396282694906150913) | Nachricht (ID: 1066415130801356951) von elvaquero (123667935691669504) in off-topic gelöscht!
----> Nachricht: channel beschreibung von <#1018087459013271564>
2023.01.21, 18:10:22 UTC -> GUILD: Emergency Lüdenscheid (396282694906150913) | Nachricht (ID: 1066409677325357297) von Robin Burger (499619578133872640) in 💬︱gaming-talk gelöscht!
----> Nachricht: Welcher Server?
2023.01.21, 18:22:46 UTC -> GUILD: Emergency Lüdenscheid (396282694906150913) | Nachricht (ID: 1066420075952865290) von der Sachse (734214604460261439) in tester-chat gelöscht!
----> Nachricht: ich probiers, sonst wartet mal 5 Mins
2023.01.21, 19:10:53 UTC -> GUILD: Emergency Lüdenscheid (396282694906150913) | Nachricht (ID: 1066434367330721802) von bestplayer (812766547713982465) in spielersuche gelöscht!
----> Nachricht: sorry ist nict mehr aktiv
2023.01.21, 19:30:12 UTC -> GUILD: Emergency Lüdenscheid (396282694906150913) | Nachricht (ID: 1066439583862100008) von Dannyy (539513467313455105) in 🏆︱level-check gelöscht!
----> Nachricht: .
2023.01.21, 19:31:26 UTC -> GUILD: Emergency Lüdenscheid (396282694906150913) | Nachricht (ID: 1066439894274150523) von Dannyy (539513467313455105) in 🏆︱level-check gelöscht!
----> Nachricht: .
2023.01.22, 10:00:23 UTC -> GUILD: Emergency Lüdenscheid (396282694906150913) | Nachricht (ID: 1066658071612493824) von der Sachse (734214604460261439) in tester-chat gelöscht!
----> Nachricht: findet hier ne illegale Testrunde statt?
2023.01.22, 13:32:38 UTC -> GUILD: Emergency Lüdenscheid (396282694906150913) | Nachricht (ID: 1066711985191927828) von 𝓛𝓮𝓸 (609057609953312789) in tester-chat gelöscht!
----> Nachricht: <@&396607809736671243>
2023.01.22, 14:03:20 UTC -> GUILD: Emergency Lüdenscheid (396282694906150913) | Nachricht (ID: 1066716180125065250) von Rammstein.MLW|Kevin (618724169810706440) in spielersuche gelöscht!
----> Nachricht: suchen noch 2
2023.01.22, 14:15:39 UTC -> GUILD: Emergency Lüdenscheid (396282694906150913) | Nachricht (ID: 1066716184856244285) von hobby_loser_Typ (786992466238373918) in spielersuche gelöscht!
----> Nachricht: suchen 2
2023.01.22, 14:15:41 UTC -> GUILD: Emergency Lüdenscheid (396282694906150913) | Nachricht (ID: 1066717270618935317) von hobby_loser_Typ (786992466238373918) in spielersuche gelöscht!
----> Nachricht: brauchen noch 1
2023.01.22, 15:11:55 UTC -> GUILD: Emergency Lüdenscheid (396282694906150913) | Nachricht (ID: 1066736979452121188) von MCBlatt (206759835683913728) in 🏆︱level-check gelöscht!
----> Nachricht: Fake News!!!
2023.01.22, 17:24:59 UTC -> GUILD: Emergency Lüdenscheid (396282694906150913) | Nachricht (ID: 1066767626568736778) von DOMNIK140 (709735697564696599) in spielersuche gelöscht!
----> Nachricht: Suchen noch 2
https://discord.gg/k9m7rEh2
2023.01.22, 18:05:44 UTC -> GUILD: Emergency Lüdenscheid (396282694906150913) | Nachricht (ID: 1066780184012918945) von Dopamin-MX (326691030545989632) in spielersuche gelöscht!
----> Nachricht: wir suchen noch 3 Spieler 😉
2023.01.22, 18:41:59 UTC -> GUILD: Emergency Lüdenscheid (396282694906150913) | Nachricht (ID: 1066789805758894160) von Dopamin-MX (326691030545989632) in spielersuche gelöscht!
----> Nachricht: wir suchen noch einen, einfach reinjoinen 😉
2023.01.22, 18:42:02 UTC -> GUILD: Emergency Lüdenscheid (396282694906150913) | Nachricht (ID: 1066780745944793179) von Dopamin-MX (326691030545989632) in spielersuche gelöscht!
----> Nachricht: suchen noch einen Spieler
2023.01.22, 22:50:14 UTC -> GUILD: Emergency Lüdenscheid (396282694906150913) | Nachricht (ID: 1066852290922811542) von fux714 (609123303889567760) in spielersuche gelöscht!
----> Nachricht: +4
2023.01.23, 00:13:14 UTC -> GUILD: Emergency Lüdenscheid (396282694906150913) | Nachricht (ID: 1066846539793842357) von absolado (134106548820508672) in spielersuche gelöscht!
----> Nachricht: https://discord.com/channels/396282694906150913/803686286846066712
2023.01.23, 00:13:17 UTC -> GUILD: Emergency Lüdenscheid (396282694906150913) | Nachricht (ID: 1066846507581587576) von absolado (134106548820508672) in spielersuche gelöscht!
----> Nachricht: Suche noch 🙂
2023.01.23, 00:26:10 UTC -> GUILD: Emergency Lüdenscheid (396282694906150913) | Nachricht (ID: 1066874091249877092) von fux714 (609123303889567760) in spielersuche gelöscht!
----> Nachricht: Wäre auch dabei dann
2023.01.23, 00:34:59 UTC -> GUILD: Emergency Lüdenscheid (396282694906150913) | Nachricht (ID: 1066876494669942834) von fux714 (609123303889567760) in spielersuche gelöscht!
----> Nachricht: Same
2023.01.23, 00:38:40 UTC -> GUILD: Emergency Lüdenscheid (396282694906150913) | Nachricht (ID: 1066879262629572639) von absolado (134106548820508672) in spielersuche gelöscht!
----> Nachricht: Noch 4 https://discord.com/channels/396282694906150913/803686286846066712
2023.01.23, 00:38:43 UTC -> GUILD: Emergency Lüdenscheid (396282694906150913) | Nachricht (ID: 1066879588006895786) von absolado (134106548820508672) in spielersuche gelöscht!
----> Nachricht: Noch 2 -3 https://discord.gg/R3cTDn9n
2023.01.23, 00:38:45 UTC -> GUILD: Emergency Lüdenscheid (396282694906150913) | Nachricht (ID: 1066873198664233062) von absolado (134106548820508672) in spielersuche gelöscht!
----> Nachricht: Wäre in ca. 20 Min noch dabei
2023.01.23, 00:42:20 UTC -> GUILD: Emergency Lüdenscheid (396282694906150913) | Nachricht (ID: 1066879681711841361) von absolado (134106548820508672) in spielersuche gelöscht!
----> Nachricht: Noch 2/3 https://discord.gg/R3cTDn9n
2023.01.23, 00:42:31 UTC -> GUILD: Emergency Lüdenscheid (396282694906150913) | Nachricht (ID: 1066880222248587324) von fux714 (609123303889567760) in spielersuche gelöscht!
----> Nachricht: Einer noch
2023.01.23, 00:48:22 UTC -> GUILD: Emergency Lüdenscheid (396282694906150913) | Nachricht (ID: 1066880592119070812) von absolado (134106548820508672) in spielersuche gelöscht!
----> Nachricht: Noch 1 https://discord.gg/R3cTDn9n (Pascal geht gleich, deswegen)
2023.01.23, 00:54:58 UTC -> GUILD: Emergency Lüdenscheid (396282694906150913) | Nachricht (ID: 1066882079503167628) von absolado (134106548820508672) in spielersuche gelöscht!
----> Nachricht: Noch 1 https://discord.gg/R3cTDn9n
2023.01.23, 01:19:11 UTC -> GUILD: Emergency Lüdenscheid (396282694906150913) | Nachricht (ID: 1066883685644767283) von absolado (134106548820508672) in spielersuche gelöscht!
----> Nachricht: Noch 2 https://discord.gg/R3cTDn9n
2023.01.23, 16:33:10 UTC -> GUILD: Emergency Lüdenscheid (396282694906150913) | Nachricht (ID: 1067119803984257054) von 𝓛𝓮𝓸 (609057609953312789) in tester-chat gelöscht!
----> Nachricht: <@&396607809736671243>
2023.01.23, 18:42:46 UTC -> GUILD: Emergency Lüdenscheid (396282694906150913) | Nachricht (ID: 1067152430887866449) von Michael1951 (932621036527185920) in shuffle gelöscht!
----> Nachricht: Suche Multiplayer Lds ohne Leitstelle
2023.01.23, 19:28:12 UTC -> GUILD: Emergency Lüdenscheid (396282694906150913) | Nachricht (ID: 1067163770817880115) von Mitti (589357503549014026) in 🎮 Testing #Pinky gelöscht!
----> Nachricht: heyrezodualterzertstörer
2023.01.23, 19:32:13 UTC -> GUILD: Emergency Lüdenscheid (396282694906150913) | Nachricht (ID: 1067164794072879164) von 𝓛𝓮𝓸 (609057609953312789) in tester-chat gelöscht!
----> Nachricht: Stein
2023.01.23, 19:32:21 UTC -> GUILD: Emergency Lüdenscheid (396282694906150913) | Nachricht (ID: 1067164796996309162) von Pinky (254898041767723009) in tester-chat gelöscht!
----> Nachricht: papier
2023.01.23, 20:03:43 UTC -> GUILD: Emergency Lüdenscheid (396282694906150913) | Nachricht (ID: 1067172803482238996) von Drondu (181872131628466176) in shuffle gelöscht!
----> Nachricht: /shuffle
2023.01.23, 23:27:42 UTC -> GUILD: Emergency Lüdenscheid (396282694906150913) | Nachricht (ID: 1067222411776368650) von fux714 (609123303889567760) in spielersuche gelöscht!
----> Nachricht: Suchen noch 2 Leute die Bock auf eine Entspannte Runde haben Ü18 gerne
2023.01.24, 00:11:09 UTC -> GUILD: Emergency Lüdenscheid (396282694906150913) | Nachricht (ID: 1067232896953360385) von fux714 (609123303889567760) in spielersuche gelöscht!
----> Nachricht: Suchen eine Ersatz LST Ü18
2023.01.24, 00:16:38 UTC -> GUILD: Emergency Lüdenscheid (396282694906150913) | Nachricht (ID: 1067236132967960636) von Suny (767066351256469504) in spielersuche gelöscht!
----> Nachricht: du weißt schon das ich blockierte Nachrichten wie jeder andere auch lesen kann
2023.01.24, 00:20:57 UTC -> GUILD: Emergency Lüdenscheid (396282694906150913) | Nachricht (ID: 1067235792801517688) von fux714 (609123303889567760) in spielersuche gelöscht!
----> Nachricht: Suchen eine Ersatz LST Ü18
2023.01.24, 00:21:05 UTC -> GUILD: Emergency Lüdenscheid (396282694906150913) | Nachricht (ID: 1067237487812030556) von Suny (767066351256469504) in spielersuche gelöscht!
----> Nachricht: ich suche
2023.01.24, 07:58:36 UTC -> GUILD: Emergency Lüdenscheid (396282694906150913) | Nachricht (ID: 1067352707142266910) von DoktorMoH (449831423747162125) in 🎫︱lds-support gelöscht!
----> Nachricht: !problemloesungen
2023.01.24, 11:14:00 UTC -> GUILD: Emergency Lüdenscheid (396282694906150913) | Nachricht (ID: 1067401881204297809) von Dannyy (539513467313455105) in user-galerie gelöscht!
----> Nachricht: .
2023.01.24, 11:14:55 UTC -> GUILD: Emergency Lüdenscheid (396282694906150913) | Nachricht (ID: 1067402098456674334) von Dannyy (539513467313455105) in user-galerie gelöscht!
----> Nachricht: dsda
2023.01.24, 11:16:24 UTC -> GUILD: Emergency Lüdenscheid (396282694906150913) | Nachricht (ID: 1067402484995325973) von Fehldiagnose (767092180870365195) in user-galerie gelöscht!
----> Nachricht: Test
2023.01.24, 11:19:49 UTC -> GUILD: Emergency Lüdenscheid (396282694906150913) | Nachricht (ID: 1067403269917388824) von DarkSilent (139139393746108417) in user-galerie gelöscht!
----> Nachricht: This is for Adrian Brand Chemiewerk auf
2023.01.24, 13:06:45 UTC -> GUILD: Emergency Lüdenscheid (396282694906150913) | Nachricht (ID: 1067430256878825593) von MSTriTri (692787665090773143) in user-galerie gelöscht!
----> Nachricht: Meisterliga 🔥
2023.01.24, 15:30:34 UTC -> GUILD: Emergency Lüdenscheid (396282694906150913) | Nachricht (ID: 1067466447514779751) von 𝓛𝓮𝓸 (609057609953312789) in 🎫︱lds-support gelöscht!
----> Nachricht: !wiki
2023.01.24, 17:05:54 UTC -> GUILD: Emergency Lüdenscheid (396282694906150913) | Nachricht (ID: 1067490051103146054) von Döniel (816567018231693335) in spielersuche gelöscht!
----> Nachricht: 3 Plätze sind noch frei
2023.01.24, 17:18:05 UTC -> GUILD: Emergency Lüdenscheid (396282694906150913) | Nachricht (ID: 1067493505045364787) von jens (792756365298499625) in shuffle gelöscht!
----> Nachricht: /shuffle
2023.01.24, 17:18:19 UTC -> GUILD: Emergency Lüdenscheid (396282694906150913) | Nachricht (ID: 1067493565263007804) von Jonas 112 (1019546562495512648) in shuffle gelöscht!
----> Nachricht: <#978210408387198988>
2023.01.24, 17:19:44 UTC -> GUILD: Emergency Lüdenscheid (396282694906150913) | Nachricht (ID: 1067493889482690560) von fux714 (609123303889567760) in spielersuche gelöscht!
----> Nachricht: Suchen einen
2023.01.24, 17:40:21 UTC -> GUILD: Emergency Lüdenscheid (396282694906150913) | Nachricht (ID: 1067490518554136667) von Döniel (816567018231693335) in spielersuche gelöscht!
----> Nachricht: Jemand Lust auf ne Runde?
2023.01.24, 17:47:17 UTC -> GUILD: Emergency Lüdenscheid (396282694906150913) | Nachricht (ID: 1067500852992036944) von geg_alex (216931305978331136) in shuffle gelöscht!
----> Nachricht: !shuffle
2023.01.24, 17:48:21 UTC -> GUILD: Emergency Lüdenscheid (396282694906150913) | Nachricht (ID: 1067501121649774592) von Jan.Holt (405741167955935232) in shuffle gelöscht!
----> Nachricht: /shuffle
2023.01.24, 18:05:18 UTC -> GUILD: Emergency Lüdenscheid (396282694906150913) | Nachricht (ID: 1067505374288154678) von Digital195 (289759037573169162) in LNZ gelöscht!
----> Nachricht: .
2023.01.24, 18:05:26 UTC -> GUILD: Emergency Lüdenscheid (396282694906150913) | Nachricht (ID: 1067505401798602762) von Digital195 (289759037573169162) in Entwickler-Blog gelöscht!
----> Nachricht: .
2023.01.24, 22:09:53 UTC -> GUILD: Emergency Lüdenscheid (396282694906150913) | Nachricht (ID: 1067560086823763988) von fux714 (609123303889567760) in spielersuche gelöscht!
----> Nachricht: +3
2023.01.24, 22:38:54 UTC -> GUILD: Emergency Lüdenscheid (396282694906150913) | Nachricht (ID: 1067574243996467321) von Toad2704 (323434036213186560) in 🏆︱level-check gelöscht!
----> Nachricht: /userbanner
2023.01.25, 12:18:12 UTC -> GUILD: Emergency Lüdenscheid (396282694906150913) | Nachricht (ID: 1067780416897040445) von Jonas 112 (1019546562495512648) in spielersuche gelöscht!
----> Nachricht: ads
2023.01.25, 17:54:30 UTC -> GUILD: Emergency Lüdenscheid (396282694906150913) | Nachricht (ID: 1067864668506435798) von LionalMagic (382195838828544000) in off-topic gelöscht!
----> Nachricht: Muss das so?
2023.01.25, 19:36:25 UTC -> GUILD: Emergency Lüdenscheid (396282694906150913) | Nachricht (ID: 1067890302611886180) von Casey (274941759094521856) in spielersuche gelöscht!
----> Nachricht: Heyho! Suchen noch 1 Mitspieler.
2023.01.25, 21:40:11 UTC -> GUILD: Emergency Lüdenscheid (396282694906150913) | Nachricht (ID: 1067914013129838702) von Ruhrpott Gaming TV (596414571636588544) in spielersuche gelöscht!
----> Nachricht: suche 4 kompetente Leute für eine Runde https://discord.gg/4hQH75u9
2023.01.25, 23:43:24 UTC -> GUILD: Emergency Lüdenscheid (396282694906150913) | Nachricht (ID: 1067941522034667601) von fux714 (609123303889567760) in spielersuche gelöscht!
----> Nachricht: Einer noch
2023.01.26, 09:59:07 UTC -> GUILD: Emergency Lüdenscheid (396282694906150913) | Nachricht (ID: 1068107812456120340) von Jan67 (800824248611504138) in user-galerie gelöscht!
----> Nachricht: sieht mir ein bisschen nach nem spoiler aus😏
2023.01.26, 15:22:49 UTC -> GUILD: Emergency Lüdenscheid (396282694906150913) | Nachricht (ID: 1068189275805454466) von Leon Crito (339963918963441665) in 🏆︱level-check gelöscht!
----> Nachricht: /userbanner
2023.01.26, 16:25:53 UTC -> GUILD: Emergency Lüdenscheid (396282694906150913) | Nachricht (ID: 1068205147970342952) von YourLocalSadMan (665556719774072842) in user-galerie gelöscht!
----> Nachricht: Is der Amarok ein NEF?
2023.01.26, 17:58:42 UTC -> GUILD: Emergency Lüdenscheid (396282694906150913) | Nachricht (ID: 1068228381952458852) von TUZZA (513424368022585375) in spielersuche gelöscht!
----> Nachricht: kannst
2023.01.26, 18:10:51 UTC -> GUILD: Emergency Lüdenscheid (396282694906150913) | Nachricht (ID: 1068231542536679497) von Chris 112 Zockerpro 63 (730830480286548010) in spielersuche gelöscht!
----> Nachricht: ?
2023.01.26, 20:46:45 UTC -> GUILD: Emergency Lüdenscheid (396282694906150913) | Nachricht (ID: 1068270583944581202) von Marsi3190 (694987456243826689) in spielersuche gelöscht!
----> Nachricht: wir haben noch einen platz
2023.01.26, 20:50:49 UTC -> GUILD: Emergency Lüdenscheid (396282694906150913) | Nachricht (ID: 1068271662639894569) von Marsi3190 (694987456243826689) in spielersuche gelöscht!
----> Nachricht: suchen noch einen https://discord.com/channels/396282694906150913/1068248964916326522
2023.01.26, 22:23:26 UTC -> GUILD: Emergency Lüdenscheid (396282694906150913) | Nachricht (ID: 1068295128344698930) von RailgunDE112 (302153960016445442) in user-galerie gelöscht!
----> Nachricht: || Der Werbetruck der lokalen Feuerwehr muss ja auch da sein, und Öffentlichkeitsarbeit leisten ;)||
2023.01.26, 23:55:49 UTC -> GUILD: Emergency Lüdenscheid (396282694906150913) | Nachricht (ID: 1068314870241562674) von fux714 (609123303889567760) in spielersuche gelöscht!
----> Nachricht: Suchen 2 für ne Runde 18+
2023.01.27, 10:41:50 UTC -> GUILD: Emergency Lüdenscheid (396282694906150913) | Nachricht (ID: 1068480254513000459) von Zorniix ツ (386354857373728785) in spielersuche gelöscht!
----> Nachricht: Suchen noch 2 Spieler
2023.01.27, 10:55:33 UTC -> GUILD: Emergency Lüdenscheid (396282694906150913) | Nachricht (ID: 1068484390394548294) von elvaquero (123667935691669504) in 🎫︱lds-support gelöscht!
----> Nachricht: in singpleplayer open the units menu through F1. if you're playing in multiplayer the control center need to send you the respective unit
2023.01.27, 20:35:47 UTC -> GUILD: Emergency Lüdenscheid (396282694906150913) | Nachricht (ID: 1068630421870489751) von Sascha (772564768313049128) in shuffle gelöscht!
----> Nachricht: sucht jemand?
2023.01.27, 20:56:28 UTC -> GUILD: Emergency Lüdenscheid (396282694906150913) | Nachricht (ID: 1068635569971793970) von The Ganer (820546904706252830) in spielersuche gelöscht!
----> Nachricht: +1
2023.01.28, 09:06:49 UTC -> GUILD: Emergency Lüdenscheid (396282694906150913) | Nachricht (ID: 1068819310274957372) von bestplayer (812766547713982465) in spielersuche gelöscht!
----> Nachricht: Hat wer bock ne runde zu spielen??
2023.01.28, 10:39:16 UTC -> GUILD: Emergency Lüdenscheid (396282694906150913) | Nachricht (ID: 1068842694635442226) von Federpoidl (941423797704208474) in shuffle gelöscht!
----> Nachricht: /shuffle
2023.01.28, 11:36:34 UTC -> GUILD: Emergency Lüdenscheid (396282694906150913) | Nachricht (ID: 1068857114124103771) von arosamia (769212127796920381) in 🏆︱level-check gelöscht!
----> Nachricht: /userbanner
2023.01.28, 11:39:06 UTC -> GUILD: Emergency Lüdenscheid (396282694906150913) | Nachricht (ID: 1068857659547189341) von norman xdd (928720621251223592) in spielersuche gelöscht!
----> Nachricht: Kein marco
2023.01.28, 13:59:59 UTC -> GUILD: Emergency Lüdenscheid (396282694906150913) | Nachricht (ID: 1068893203362746420) von Bjuni Tiger (478155191506567168) in user-galerie gelöscht!
----> Nachricht: Woaahh ELW 3😍
2023.01.28, 14:44:26 UTC -> GUILD: Emergency Lüdenscheid (396282694906150913) | Nachricht (ID: 1068884642066870342) von F4b14n (201776389265817600) in spielersuche gelöscht!
----> Nachricht: Wäre als LST da, pingt mich an 🙂
Ü18 aber bitte
2023.01.28, 16:48:24 UTC -> GUILD: Emergency Lüdenscheid (396282694906150913) | Nachricht (ID: 1068935577984049212) von Dannyy (539513467313455105) in user-galerie gelöscht!
----> Nachricht: <@&396608903426605057>
2023.01.28, 16:49:27 UTC -> GUILD: Emergency Lüdenscheid (396282694906150913) | Nachricht (ID: 1068935852597723187) von N3verDark (290733206188326913) in user-galerie gelöscht!
----> Nachricht: Warum muss man Ghost Pingen
2023.01.28, 16:52:56 UTC -> GUILD: Emergency Lüdenscheid (396282694906150913) | Nachricht (ID: 1068936727303049377) von DWDyee (726895301792759840) in user-galerie gelöscht!
----> Nachricht: "Renn mal zum ELW, der soll ne Rückmeldung geben!"
2023.01.28, 16:54:00 UTC -> GUILD: Emergency Lüdenscheid (396282694906150913) | Nachricht (ID: 1068936998901010514) von NOAH_0fficial (399906808736645130) in user-galerie gelöscht!
----> Nachricht: Ping?
2023.01.28, 16:56:14 UTC -> GUILD: Emergency Lüdenscheid (396282694906150913) | Nachricht (ID: 1068936110425780224) von N3verDark (290733206188326913) in user-galerie gelöscht!
----> Nachricht: Warum muss man Ghost Pingen?
2023.01.28, 17:01:12 UTC -> GUILD: Emergency Lüdenscheid (396282694906150913) | Nachricht (ID: 1068938810789986425) von Anolezz (438349052950872075) in user-galerie gelöscht!
----> Nachricht: Der moment wenn man denkt sein Melder würde gehen
2023.01.28, 17:01:42 UTC -> GUILD: Emergency Lüdenscheid (396282694906150913) | Nachricht (ID: 1068938838203973672) von N3verDark (290733206188326913) in user-galerie gelöscht!
----> Nachricht: Dann lass doch einfach den Ping stehen so wie es jetzt auch ist. Sonst verwirrt das.
2023.01.28, 17:03:30 UTC -> GUILD: Emergency Lüdenscheid (396282694906150913) | Nachricht (ID: 1068939387930423366) von Germanfragger (205087927233937409) in user-galerie gelöscht!
----> Nachricht: <@539513467313455105>  wäre ne spezielle rolle vlt was dafür?
2023.01.28, 17:05:43 UTC -> GUILD: Emergency Lüdenscheid (396282694906150913) | Nachricht (ID: 1068939945563131960) von Dreamer (708618156846874664) in user-galerie gelöscht!
----> Nachricht: Realismus?
2023.01.28, 17:06:44 UTC -> GUILD: Emergency Lüdenscheid (396282694906150913) | Nachricht (ID: 1068933011019665509) von Dannyy (539513467313455105) in user-galerie gelöscht!
----> Nachricht: 🚨  Alarm für `Christoph 10`  🚁
<@&396608903426605057>
2023.01.28, 17:06:47 UTC -> GUILD: Emergency Lüdenscheid (396282694906150913) | Nachricht (ID: 1068937547545333801) von Dannyy (539513467313455105) in user-galerie gelöscht!
----> Nachricht: Weil es sonst wieder Leute gibt, die später schreiben: _"Könnt ihr nicht pingen, sonst sehe ich das nicht, wenn ihr etwas vorstellt"_. Man kann aber jederzeit die Benachrichtigungen ausschalten. Oder wir stellen einfach nichts mehr vor, dann muss niemand meckern, dass er einen "Ghost-Ping" erhalten hat 🙂
2023.01.28, 18:40:15 UTC -> GUILD: Emergency Lüdenscheid (396282694906150913) | Nachricht (ID: 1068963736561389658) von Jan67 (800824248611504138) in user-galerie gelöscht!
----> Nachricht: HALT,STOP, WARTEEE WASS?
2023.01.28, 18:40:41 UTC -> GUILD: Emergency Lüdenscheid (396282694906150913) | Nachricht (ID: 1068963843335786562) von Jan67 (800824248611504138) in user-galerie gelöscht!
----> Nachricht: Jan67 1552 🤫
2023.01.28, 23:21:40 UTC -> GUILD: Emergency Lüdenscheid (396282694906150913) | Nachricht (ID: 1069034542276546580) von -=] AoFA [=- 🚚🚛 Mike16 [GER] (294565855319293952) in 🎫︱lds-support gelöscht!
----> Nachricht: Ihr nochmal die Nachricht von Danny....

Es gibt zwei Wiki-Einträge:
https://emergency-luedenscheid.de/wiki/entry/64-mod-startet-nicht-fehler-nach-der-installation/
https://emergency-luedenscheid.de/wiki/entry/23-installation-der-modifikation/

Wenn du das machst und es dennoch nicht geht, dann ist irgendwas bei deinem PC so ganz und gar nicht ok.
2023.01.28, 23:41:27 UTC -> GUILD: Emergency Lüdenscheid (396282694906150913) | Nachricht (ID: 1069037651656708118) von -=] AoFA [=- 🚚🚛 Mike16 [GER] (294565855319293952) in spielersuche gelöscht!
----> Nachricht: Kommt rein in den Bereitschaftsraum, wenn ihr Bock habt!
https://discord.gg/52rAeybt
2023.01.29, 01:10:55 UTC -> GUILD: Emergency Lüdenscheid (396282694906150913) | Nachricht (ID: 1069033179689791648) von -=] AoFA [=- 🚚🚛 Mike16 [GER] (294565855319293952) in spielersuche gelöscht!
----> Nachricht: Sucht ihr immer noch?
2023.01.29, 02:07:49 UTC -> GUILD: Emergency Lüdenscheid (396282694906150913) | Nachricht (ID: 1069051575223451649) von Döniel (816567018231693335) in einsätze gelöscht!
----> Nachricht: Alljährliches Narrenbaum stellen mit Hilfe des FwK und der DLK
2023.01.29, 06:16:02 UTC -> GUILD: Emergency Lüdenscheid (396282694906150913) | Nachricht (ID: 1069138638589407262) von Toppijer (724344760969592923) in spielersuche gelöscht!
----> Nachricht: Geht leider gerade nicht sind voll...
2023.01.29, 07:23:46 UTC -> GUILD: Emergency Lüdenscheid (396282694906150913) | Nachricht (ID: 1068960770966167572) von Sven (311979539356057601) in 🎫︱lds-support gelöscht!
----> Nachricht: Mit was hast du es denn versucht? Der Kampfmittelräumdienst kann die Bombe auch mitnehmen. Dazu musst du dann den Typen und nicht den Roboter auswählen.
2023.01.29, 09:35:12 UTC -> GUILD: Emergency Lüdenscheid (396282694906150913) | Nachricht (ID: 1069188941066010635) von Welten (516977170334089238) in spielersuche gelöscht!
----> Nachricht: > **Ü18 **
2023.01.29, 09:35:35 UTC -> GUILD: Emergency Lüdenscheid (396282694906150913) | Nachricht (ID: 1069188981780123718) von TryBulls (285413846431170560) in spielersuche gelöscht!
----> Nachricht: suchen einen <a:ACHTUNG:842033222900121611> ***ü18*** <a:ACHTUNG:842033222900121611> mitspieler
2023.01.29, 10:53:48 UTC -> GUILD: Emergency Lüdenscheid (396282694906150913) | Nachricht (ID: 1069208736968736868) von Jan67 (800824248611504138) in 🏆︱level-check gelöscht!
----> Nachricht: warum wird bei mir nur 2.7 Stunden im VC angezeigt, da war ich die ganze letzte woche mehr als das drinn
2023.01.29, 11:01:16 UTC -> GUILD: Emergency Lüdenscheid (396282694906150913) | Nachricht (ID: 1069210525503848509) von Paulhd31 (688097192501968945) in spielersuche gelöscht!
----> Nachricht: Suchen noch einen
2023.01.29, 12:17:41 UTC -> GUILD: Emergency Lüdenscheid (396282694906150913) | Nachricht (ID: 1069229821659451482) von TryBulls (285413846431170560) in off-topic gelöscht!
----> Nachricht: <@937087372653391904>
2023.01.29, 12:27:58 UTC -> GUILD: Emergency Lüdenscheid (396282694906150913) | Nachricht (ID: 1069232436292100157) von Feuerteufel (611170994538938368) in shuffle gelöscht!
----> Nachricht: /shuffel
2023.01.29, 13:56:15 UTC -> GUILD: Emergency Lüdenscheid (396282694906150913) | Nachricht (ID: 1069247830172110908) von JuppJupp (990333586685194252) in off-topic gelöscht!
----> Nachricht: nicht alles gute
2023.01.29, 15:02:38 UTC -> GUILD: Emergency Lüdenscheid (396282694906150913) | Nachricht (ID: 1069271252944039967) von -=] AoFA [=- 🚚🚛 Mike16 [GER] (294565855319293952) in 🚚︱ets gelöscht!
----> Nachricht: https://tenor.com/view/werner-jaja-leck-mich-am-arsch-arsch-leck-mich-gif-23900718
2023.01.29, 15:03:27 UTC -> GUILD: Emergency Lüdenscheid (396282694906150913) | Nachricht (ID: 1069271420636516442) von -=] AoFA [=- 🚚🚛 Mike16 [GER] (294565855319293952) in 🚚︱ets gelöscht!
----> Nachricht: Oh, sieht wirklich schön aus.
2023.01.29, 15:05:53 UTC -> GUILD: Emergency Lüdenscheid (396282694906150913) | Nachricht (ID: 1069271936431030353) von -=] AoFA [=- 🚚🚛 Mike16 [GER] (294565855319293952) in 💬︱gaming-talk gelöscht!
----> Nachricht: Ich hab auch Phasmophobia!
2023.01.29, 16:50:15 UTC -> GUILD: Emergency Lüdenscheid (396282694906150913) | Nachricht (ID: 1069298269202690220) von Bonzi (361864274169036801) in spielersuche gelöscht!
----> Nachricht: https://discord.gg/GDSXy6W3
Suchen noch zwei Ü16
2023.01.29, 17:59:35 UTC -> GUILD: Emergency Lüdenscheid (396282694906150913) | Nachricht (ID: 1069315880170823753) von Digital195 (289759037573169162) in LDS gelöscht!
----> Nachricht: ...
2023.01.29, 19:19:19 UTC -> GUILD: Emergency Lüdenscheid (396282694906150913) | Nachricht (ID: 1069332121744846938) von Monduntergang (912797428451774494) in spielersuche gelöscht!
----> Nachricht: Suche ebenfalls
2023.01.29, 22:32:53 UTC -> GUILD: Emergency Lüdenscheid (396282694906150913) | Nachricht (ID: 1069384668333490186) von costa (189004341317861377) in shuffle gelöscht!
----> Nachricht: /shuffle
2023.01.29, 22:51:16 UTC -> GUILD: Emergency Lüdenscheid (396282694906150913) | Nachricht (ID: 1069389265445867612) von -=] AoFA [=- 🚚🚛 Mike16 [GER] (294565855319293952) in spielersuche gelöscht!
----> Nachricht: Ich wäre zu haben! ;)
2023.01.29, 23:09:52 UTC -> GUILD: Emergency Lüdenscheid (396282694906150913) | Nachricht (ID: 1069393944363929640) von Lee__Johnsen (820927205013585991) in modding-talk gelöscht!
----> Nachricht: <@837259464973090827>
2023.01.30, 00:13:13 UTC -> GUILD: Emergency Lüdenscheid (396282694906150913) | Nachricht (ID: 1069409561594830929) von MontyZotty (244467650510585859) in spielersuche gelöscht!
----> Nachricht: immernoch ?
2023.01.30, 00:20:06 UTC -> GUILD: Emergency Lüdenscheid (396282694906150913) | Nachricht (ID: 1069411556447752232) von Badcop (793501698266103808) in spielersuche gelöscht!
----> Nachricht: <@294565855319293952>
2023.01.30, 00:20:09 UTC -> GUILD: Emergency Lüdenscheid (396282694906150913) | Nachricht (ID: 1069411494237839460) von Badcop (793501698266103808) in spielersuche gelöscht!
----> Nachricht: ja jetzt wieder
2023.01.30, 08:28:19 UTC -> GUILD: Emergency Lüdenscheid (396282694906150913) | Nachricht (ID: 1069534514768007229) von Jan67 (800824248611504138) in 🏆︱level-check gelöscht!
----> Nachricht: /ichwillbefördertwerden
2023.01.30, 08:35:47 UTC -> GUILD: Emergency Lüdenscheid (396282694906150913) | Nachricht (ID: 1069536394365636608) von JohnGamingTV_YT (299197763051192332) in 🏆︱level-check gelöscht!
----> Nachricht: /userbannet
2023.01.30, 11:21:51 UTC -> GUILD: Emergency Lüdenscheid (396282694906150913) | Nachricht (ID: 1069578183692779631) von Jan67 (800824248611504138) in user-galerie gelöscht!
----> Nachricht: n GW-San vom roten Kreuz?
2023.01.30, 12:44:35 UTC -> GUILD: Emergency Lüdenscheid (396282694906150913) | Nachricht (ID: 1069598550264139879) von F4b14n (201776389265817600) in spielersuche gelöscht!
----> Nachricht: Wäre als LST da, pingt mich gerne an 🙂
2023.01.30, 14:49:32 UTC -> GUILD: Emergency Lüdenscheid (396282694906150913) | Nachricht (ID: 1069623143460777995) von Blue Wolf / Florian (636230968281268224) in 💬︱gaming-talk gelöscht!
----> Nachricht: hat jemand lust sniper elite 4?
2023.01.30, 14:53:11 UTC -> GUILD: Emergency Lüdenscheid (396282694906150913) | Nachricht (ID: 1069566519299805195) von Dannyy (539513467313455105) in Report Md0QWÑfMlM gelöscht!
----> Nachricht: <@837259464973090827>
2023.01.30, 15:29:49 UTC -> GUILD: Emergency Lüdenscheid (396282694906150913) | Nachricht (ID: 1069640548744446015) von Toppijer (724344760969592923) in spielersuche gelöscht!
----> Nachricht: https://discord.gg/RKzWZdb8
2023.01.30, 18:37:32 UTC -> GUILD: Emergency Lüdenscheid (396282694906150913) | Nachricht (ID: 1069687826226102273) von marco3105 (724309808081010748) in shuffle gelöscht!
----> Nachricht: ,9-+
2023.01.30, 18:54:59 UTC -> GUILD: Emergency Lüdenscheid (396282694906150913) | Nachricht (ID: 1069692220912979969) von Marsi90 (694987456243826689) in 🏆︱level-check gelöscht!
----> Nachricht: <#1018087459013271564>
2023.01.30, 19:24:35 UTC -> GUILD: Emergency Lüdenscheid (396282694906150913) | Nachricht (ID: 1069678753048961064) von heino222 (431082812091662337) in spielersuche gelöscht!
----> Nachricht: 1234
2023.01.30, 19:27:25 UTC -> GUILD: Emergency Lüdenscheid (396282694906150913) | Nachricht (ID: 1069700383628341300) von Tobias Winchester (312679660037079041) in 🏆︱level-check gelöscht!
----> Nachricht: /userbanner
2023.01.30, 20:34:59 UTC -> GUILD: Emergency Lüdenscheid (396282694906150913) | Nachricht (ID: 1069716511087923290) von The Ganer (820546904706252830) in 📟 | Bereitschaftsraum I gelöscht!
----> Nachricht: \SteamLibrary\steamapps\common\EMERGENCY 20\data
2023.01.30, 20:39:59 UTC -> GUILD: Emergency Lüdenscheid (396282694906150913) | Nachricht (ID: 1069709993462481056) von The Ganer (820546904706252830) in spielersuche gelöscht!
----> Nachricht: +3
2023.01.30, 20:40:04 UTC -> GUILD: Emergency Lüdenscheid (396282694906150913) | Nachricht (ID: 1069715301945589870) von The Ganer (820546904706252830) in spielersuche gelöscht!
----> Nachricht: +1
2023.01.31, 05:14:37 UTC -> GUILD: Emergency Lüdenscheid (396282694906150913) | Nachricht (ID: 1069848155912413184) von TheTraxerHD (646128947200917515) in user-galerie gelöscht!
----> Nachricht: 🔝
2023.01.31, 11:28:52 UTC -> GUILD: Emergency Lüdenscheid (396282694906150913) | Nachricht (ID: 1069942339113582656) von Jan67 (800824248611504138) in user-galerie gelöscht!
----> Nachricht: Extreme Zoom
2023.01.31, 15:24:57 UTC -> GUILD: Emergency Lüdenscheid (396282694906150913) | Nachricht (ID: 1070001127967436831) von Talvkes (639887038325325826) in spielersuche gelöscht!
----> Nachricht: Wir brauchen noch einen
https://discord.gg/k76ceahV
2023.01.31, 15:25:05 UTC -> GUILD: Emergency Lüdenscheid (396282694906150913) | Nachricht (ID: 1070001673013051474) von Poly (785174229284290593) in spielersuche gelöscht!
----> Nachricht: immernoch?
2023.01.31, 15:46:11 UTC -> GUILD: Emergency Lüdenscheid (396282694906150913) | Nachricht (ID: 1070007092351602779) von _Leo (609057609953312789) in 🎫︱lds-support gelöscht!
----> Nachricht: !installation
2023.01.31, 17:30:05 UTC -> GUILD: Emergency Lüdenscheid (396282694906150913) | Nachricht (ID: 1070027768261251183) von fux714 (609123303889567760) in spielersuche gelöscht!
----> Nachricht: Suche 4 Mitstreiter Ü16
2023.01.31, 17:51:29 UTC -> GUILD: Emergency Lüdenscheid (396282694906150913) | Nachricht (ID: 1070038557172969482) von Feuerdrachenburg82 (786613877629517824) in spielersuche gelöscht!
----> Nachricht: Wir brauchen noch 1 Person!
2023.01.31, 17:56:47 UTC -> GUILD: Emergency Lüdenscheid (396282694906150913) | Nachricht (ID: 1070015893096116225) von Firefighter (837259464973090827) in spielersuche gelöscht!
----> Nachricht: notruff 122 2
2023.01.31, 17:56:50 UTC -> GUILD: Emergency Lüdenscheid (396282694906150913) | Nachricht (ID: 1070039880215838901) von GLX Frozen (981944236301774949) in spielersuche gelöscht!
----> Nachricht: wenn du willst können wir später zocken weiß aber nicht wann oder überhaupt
2023.01.31, 18:43:28 UTC -> GUILD: Emergency Lüdenscheid (396282694906150913) | Nachricht (ID: 1070051192702521345) von Marki (471354880829685761) in spielersuche gelöscht!
----> Nachricht: https://discord.gg/BcYx5MmU
2023.01.31, 18:43:44 UTC -> GUILD: Emergency Lüdenscheid (396282694906150913) | Nachricht (ID: 1070051162562248775) von Marki (471354880829685761) in spielersuche gelöscht!
----> Nachricht: Wir suchen jemanden
2023.01.31, 19:36:33 UTC -> GUILD: Emergency Lüdenscheid (396282694906150913) | Nachricht (ID: 1070064528219459624) von Dannyy (539513467313455105) in bot-log bearbeitet!
----> Alte Nachricht: asdadsdasdasdasdasdasdasdasd2dad221 || Neue Nachricht: asdadsdas
2023.01.31, 20:35:01 UTC -> GUILD: Emergency Lüdenscheid (396282694906150913) | Nachricht (ID: 1070077755489788017) von Ruhrpott Gaming TV (596414571636588544) in spielersuche gelöscht!
----> Nachricht: wir suchen noch 1 kompetenten Spieler für eine Runde https://discord.gg/rz7V8Zcv
2023.01.31, 22:11:05 UTC -> GUILD: Emergency Lüdenscheid (396282694906150913) | Nachricht (ID: 1070103927057559674) von LordLegend. (507573290995417108) in spielersuche gelöscht!
----> Nachricht: jo ich
2023.01.31, 22:33:58 UTC -> GUILD: Emergency Lüdenscheid (396282694906150913) | Nachricht (ID: 1070104768099393536) von -=] AoFA [=- 🚚🚛 Mike16 [GER] (294565855319293952) in spielersuche gelöscht!
----> Nachricht: Komme gleich rein.
2023.01.31, 22:35:36 UTC -> GUILD: PowerBot (994975619521712219) | Nachricht (ID: 1070110062443503666) von Dannyy (539513467313455105) in error-logs gelöscht!
----> Nachricht: BETA 31.01.2023, 23:26:03
- LDS WIP (Wälder komplett umgebaut, Gebiete im Nord Westen komplett umgebaut)
- LDS Neues Modell für Wache 2 (WIP Fahrzeug Plazierung)
- LNZ Fuhrpark überarbeitet (Sosi Anpassungen)
- Neue Objekte fürs Modular Event: ContaminationEventComponent 
- BST Diverse Fixes
- BST Neue Helibase
- BST Neue Polizei Skins Wache 4
- Neue BST Helibase
- BST Änderungen am Event Pool
- LDS Blocker Überarbeitung
- LDS Reduzieren der Anfahrtszeit von Externen Einheiten
- LDS Verbesserungen für verschiedenen Wachen
- LDS FireMaterial-Umstellungen
- LDS 12 Skin Updates
- LDS Neue Wache für die Werkfeuerwehr
- Umbau Sirenen Blocker am Krankenhaus
- Neue WLF AB Images
- Saugschlauch in Wachen sollte nun beim Client gesynct sein, Audio sollte keine Aussetzer mehr haben
- Mod Version wird nun im Hauptmenü angezeigt
- LDS GTLF Wasserwerfer Wassertank fix
- Anzahl der Zelte vom AB-MANV und GW-SAN können nun am Fahrzeug konfiguriert werden (Editor)
- ExitTentCommand zum Aussteigen aus Sani Zelt im MP erstellt, Client sollte nun auch die Personen aussteigen lassen können
- Hotkeys freien nicht mehr sobald ein Modal offen ist (Wenn man z.B. im Rescue Track das f drückt, öffnet sich nicht mehr das Alarmmenü)
- Einsatzstelle erstellen überarbeitet (Texte, Audio)
- Einsatz Mord, Bestatter wird automatisch alarmiert und Person (Tot) muss aus Haus geborgen werden
- Anpassungen am Eventpool
- Neue Tags für alle Fahrzeuge inkl. anderer Fahrzeugauswahl Logik im Alarmmenü (Stichwörter, Schnellauswahl)
- Neues Icon für Hydranten auf dem Boden (Info Icon, Hydranten zu weit von Fahrzeug entfernt)
- Neuer Command für RTWs, Fahrt ins HQ mit SOSI, durch SHIFT + E fährt der RTW immer mit SOSI zum Krankenhaus (z.B. auch bei gebrochenem Arm)
- Contamination Event für Modular Event

LDS ist aktuell sehr viel WIP

Bitte mal auf die Event Pools der Karte achten, vor allem wie ausgeglichen diese sind. Vor allem bei BST sollte dies nun angenehmer sein gfhf
2023.01.31, 22:36:16 UTC -> GUILD: PowerBot (994975619521712219) | Nachricht (ID: 1070110255649914881) von Dannyy (539513467313455105) in error-logs gelöscht!
----> Nachricht: BETA 31.01.2023, 23:26:03
- LDS WIP (Wälder komplett umgebaut, Gebiete im Nord Westen komplett umgebaut)
- LDS Neues Modell für Wache 2 (WIP Fahrzeug Plazierung)
- LNZ Fuhrpark überarbeitet (Sosi Anpassungen)
- Neue Objekte fürs Modular Event: ContaminationEventComponent 
- BST Diverse Fixes
- BST Neue Helibase
- BST Neue Polizei Skins Wache 4
- Neue BST Helibase
- BST Änderungen am Event Pool
- LDS Blocker Überarbeitung
- LDS Reduzieren der Anfahrtszeit von Externen Einheiten
- LDS Verbesserungen für verschiedenen Wachen
- LDS FireMaterial-Umstellungen
- LDS 12 Skin Updates
- LDS Neue Wache für die Werkfeuerwehr
- Umbau Sirenen Blocker am Krankenhaus
- Neue WLF AB Images
- Saugschlauch in Wachen sollte nun beim Client gesynct sein, Audio sollte keine Aussetzer mehr haben
- Mod Version wird nun im Hauptmenü angezeigt
- LDS GTLF Wasserwerfer Wassertank fix
- Anzahl der Zelte vom AB-MANV und GW-SAN können nun am Fahrzeug konfiguriert werden (Editor)
- ExitTentCommand zum Aussteigen aus Sani Zelt im MP erstellt, Client sollte nun auch die Personen aussteigen lassen können
- Hotkeys freien nicht mehr sobald ein Modal offen ist (Wenn man z.B. im Rescue Track das f drückt, öffnet sich nicht mehr das Alarmmenü)
- Einsatzstelle erstellen überarbeitet (Texte, Audio)
- Einsatz Mord, Bestatter wird automatisch alarmiert und Person (Tot) muss aus Haus geborgen werden
- Anpassungen am Eventpool
- Neue Tags für alle Fahrzeuge inkl. anderer Fahrzeugauswahl Logik im Alarmmenü (Stichwörter, Schnellauswahl)
- Neues Icon für Hydranten auf dem Boden (Info Icon, Hydranten zu weit von Fahrzeug entfernt)
- Neuer Command für RTWs, Fahrt ins HQ mit SOSI, durch SHIFT + E fährt der RTW immer mit SOSI zum Krankenhaus (z.B. auch bei gebrochenem Arm)
- Contamination Event für Modular Event

LDS ist aktuell sehr viel WIP

Bitte mal auf die Event Pools der Karte achten, vor allem wie ausgeglichen diese sind. Vor allem bei BST sollte dies nun angenehmer sein j
2023.02.01, 12:10:48 UTC -> GUILD: Emergency Lüdenscheid (396282694906150913) | Nachricht (ID: 1070315184096297041) von Prätty (333635224522981376) in spielersuche gelöscht!
----> Nachricht: Gib mir 5min
2023.02.01, 13:59:52 UTC -> GUILD: Emergency Lüdenscheid (396282694906150913) | Nachricht (ID: 1070339139423186974) von Firefighter (837259464973090827) in spielersuche gelöscht!
----> Nachricht: Notruf 112 2
2023.02.01, 16:47:07 UTC -> GUILD: Emergency Lüdenscheid (396282694906150913) | Nachricht (ID: 1070384815355986112) von Tobias Winchester (312679660037079041) in shuffle gelöscht!
----> Nachricht: /shuffler
2023.02.01, 16:49:40 UTC -> GUILD: Emergency Lüdenscheid (396282694906150913) | Nachricht (ID: 1070385460465111140) von Tobias Winchester (312679660037079041) in 🏆︱level-check gelöscht!
----> Nachricht: /userbanner
2023.02.01, 17:11:09 UTC -> GUILD: Emergency Lüdenscheid (396282694906150913) | Nachricht (ID: 1070390821800640512) von rakete42 (903679571323392091) in spielersuche gelöscht!
----> Nachricht: Suchen noch 3
2023.02.01, 17:12:20 UTC -> GUILD: Emergency Lüdenscheid (396282694906150913) | Nachricht (ID: 1070389533784416277) von Excalibur_1918 (629244446050877441) in spielersuche gelöscht!
----> Nachricht: Suchen noch einen (fünften) in https://discordapp.com/channels/396282694906150913/1070389061015060590
2023.02.01, 18:56:55 UTC -> GUILD: Emergency Lüdenscheid (396282694906150913) | Nachricht (ID: 1070417430259703909) von Dannyy (539513467313455105) in Report 8b2fac gelöscht!
----> Nachricht: <@903679571323392091>
2023.02.01, 19:01:10 UTC -> GUILD: Emergency Lüdenscheid (396282694906150913) | Nachricht (ID: 1070416587468840992) von _Leo (609057609953312789) in entwicklung gelöscht!
----> Nachricht: bst belegt
2023.02.01, 19:57:07 UTC -> GUILD: Emergency Lüdenscheid (396282694906150913) | Nachricht (ID: 1070432182071480383) von Kylian123 (932268245333999686) in spielersuche gelöscht!
----> Nachricht: Kann ich irgendwo Leitstelle sein? (bin kein Profi)
2023.02.01, 21:17:35 UTC -> GUILD: Emergency Lüdenscheid (396282694906150913) | Nachricht (ID: 1070451401509056532) von -=] AoFA [=- 🚚🚛 Mike16 [GER] (294565855319293952) in spielersuche gelöscht!
----> Nachricht: oh Danke.
2023.02.01, 22:22:17 UTC -> GUILD: Emergency Lüdenscheid (396282694906150913) | Nachricht (ID: 1070460943693266964) von Marsi90 (694987456243826689) in spielersuche gelöscht!
----> Nachricht: wäre in 20 min da
2023.02.01, 23:05:05 UTC -> GUILD: Emergency Lüdenscheid (396282694906150913) | Nachricht (ID: 1070453181131268126) von -=] AoFA [=- 🚚🚛 Mike16 [GER] (294565855319293952) in spielersuche gelöscht!
----> Nachricht: immer noch?
2023.02.02, 05:30:06 UTC -> GUILD: Emergency Lüdenscheid (396282694906150913) | Nachricht (ID: 1070564546319757422) von JohnGamingTV_YT (299197763051192332) in einsätze gelöscht!
----> Nachricht: Morgen (bissl zu spät gemerkt das falscher channel)
2023.02.02, 05:30:10 UTC -> GUILD: Emergency Lüdenscheid (396282694906150913) | Nachricht (ID: 1070564679308550204) von MCBlatt (206759835683913728) in einsätze gelöscht!
----> Nachricht: MORGEN
2023.02.02, 11:17:08 UTC -> GUILD: Emergency Lüdenscheid (396282694906150913) | Nachricht (ID: 1070664131033706556) von Digital195 (289759037573169162) in Entwickler-Blog gelöscht!
----> Nachricht: Diverse Kleinigkeiten
- Neues Icon für Zusammenräumen
- Türöffnungskoffer zum Öffnen von Türen
- Verbesserungen beim Umleitungssystem

Auswertung Feedback Umfrage zu Spielfunktionne
- Anfahrtszeiten von Externen Kräften angepasst

Anpassung Sosi
- LNZ / LDS/ BST neue Sondersignale. Kleiner Text darüber das wir das Feedback hören und alles etwas diverser gestalten und angepasst haben. Dazu wurden viele Flare Fehler behoben. 
- 

Avatar / Medium Icons
- kleiner Text über unser altes vor gehen und unser neues. Jetzt gehts von Fahrzeug im Editor direkt bis zum fertigem Bild fürs Spiel/ Discord/ Lst/ Forum. Kleiner Verweis auf Eingesetzte Techniken: eigenes Editor Plugin, Python Scripts
- Vorteil für uns hervorgeben --> alles ist einheitlich, deutlich weniger Aufwand
- 2/3 Beispiel Bilder von src aus dem Editor bis zum Forum Bild/ LST Bild mit Blaulicht
2023.02.02, 12:19:13 UTC -> GUILD: Emergency Lüdenscheid (396282694906150913) | Nachricht (ID: 1070679606186754150) von Dannyy (539513467313455105) in Entwickler-Blog gelöscht!
----> Nachricht: ....
2023.02.02, 12:20:16 UTC -> GUILD: Emergency Lüdenscheid (396282694906150913) | Nachricht (ID: 1070679792015392778) von Dannyy (539513467313455105) in Entwickler-Blog gelöscht!
----> Nachricht: ....
2023.02.02, 12:22:02 UTC -> GUILD: Emergency Lüdenscheid (396282694906150913) | Nachricht (ID: 1070680032965562388) von Dannyy (539513467313455105) in Entwickler-Blog gelöscht!
----> Nachricht: ....
2023.02.02, 12:22:09 UTC -> GUILD: Emergency Lüdenscheid (396282694906150913) | Nachricht (ID: 1070680501062488095) von Dannyy (539513467313455105) in Entwickler-Blog gelöscht!
----> Nachricht: ..
2023.02.02, 12:26:40 UTC -> GUILD: Emergency Lüdenscheid (396282694906150913) | Nachricht (ID: 1070681641120436287) von Dannyy (539513467313455105) in Entwickler-Blog gelöscht!
----> Nachricht: ..
2023.02.02, 12:27:00 UTC -> GUILD: Emergency Lüdenscheid (396282694906150913) | Nachricht (ID: 1070681725044260884) von Dannyy (539513467313455105) in Entwickler-Blog gelöscht!
----> Nachricht: .lö
2023.02.02, 13:20:57 UTC -> GUILD: Emergency Lüdenscheid (396282694906150913) | Nachricht (ID: 1070695320956174336) von Toppijer (724344760969592923) in user-galerie gelöscht!
----> Nachricht: 😂 der ist mir zu flach
2023.02.02, 15:46:10 UTC -> GUILD: Emergency Lüdenscheid (396282694906150913) | Nachricht (ID: 1070726164647252139) von Poly (785174229284290593) in spielersuche gelöscht!
----> Nachricht: jungs, wir brauchen noch jemanden
2023.02.02, 17:01:11 UTC -> GUILD: Emergency Lüdenscheid (396282694906150913) | Nachricht (ID: 1070750662578671616) von jpat (818920907959304232) in 🎫︱em-support gelöscht!
----> Nachricht: Geh Mal auf emergency Lüdenscheid da muss du dich anmelden und Dan kannst du das downloaden
2023.02.02, 17:01:14 UTC -> GUILD: Emergency Lüdenscheid (396282694906150913) | Nachricht (ID: 1070750727976276119) von _Leo (609057609953312789) in 🎫︱em-support gelöscht!
----> Nachricht: ????
2023.02.02, 17:24:15 UTC -> GUILD: PowerBot (994975619521712219) | Nachricht (ID: 1070756436767932527) von Dannyy (539513467313455105) in mod-log gelöscht!
----> Nachricht: .g
