2023.01.15, 20:33:17 UTC -> GUILD: 396282694906150913 | #VOICE XP --> USER: Danny (ID: 539513467313455105) XP: 267137 + 0 = 267137 | Zeit im Channel: 0 | Total: 537
2023.01.15, 20:39:20 UTC -> GUILD: 396282694906150913 | #VOICE XP --> USER: Danny (ID: 539513467313455105) XP: 267137 + 0 = 267137 | Zeit im Channel: 0 | Total: 537
2023.01.15, 20:39:40 UTC -> GUILD: 396282694906150913 | #VOICE XP --> USER: Danny (ID: 539513467313455105) XP: 267137 + 0 = 267137 | Zeit im Channel: 0 | Total: 537
2023.01.15, 20:42:35 UTC -> GUILD: 396282694906150913 | #VOICE XP --> USER: Danny (ID: 539513467313455105) XP: 267137 + 0 = 267137 | Zeit im Channel: 0 | Total: 537
2023.01.15, 20:46:00 UTC -> GUILD: 994975619521712219 | #GET XP --> USER: Danny (ID: 539513467313455105) XP: 7875 + 6 = 7881
2023.01.15, 20:47:18 UTC -> GUILD: 994975619521712219 | #GET XP --> USER: Danny (ID: 539513467313455105) XP: 7882 + 7 = 7889
2023.01.15, 20:47:30 UTC -> GUILD: 994975619521712219 | #GET XP --> USER: Danny (ID: 539513467313455105) XP: 7889 + 20 = 7909
2023.01.15, 20:49:53 UTC -> GUILD: 994975619521712219 | #RANK UP --> USER: Danny (ID: 539513467313455105) wurde zum Level 2 befördert
2023.01.15, 20:49:53 UTC -> GUILD: 994975619521712219 | #GET XP --> USER: Danny (ID: 539513467313455105) XP: 7909 + 14 = 7923
2023.01.15, 20:54:26 UTC -> GUILD: 994975619521712219 | #VOICE XP --> USER: Danny (ID: 539513467313455105) XP: 7923 + 0 = 7923 | Zeit im Channel: 0 | Total: 9
2023.01.15, 20:54:48 UTC -> GUILD: 396282694906150913 | #RANK UP --> USER: Danniel schatten 39 (ID: 501054006894788608) wurde zum Hauptfeuerwehrmann befördert
2023.01.15, 20:54:48 UTC -> GUILD: 396282694906150913 | #VOICE XP --> USER: Mauro331144 (ID: 1064255413324881930) XP: 3462 + 248 = 3710 | Zeit im Channel: 124 | Total: 240
2023.01.15, 20:54:48 UTC -> GUILD: 396282694906150913 | #VOICE XP --> USER: Danniel schatten 39 (ID: 501054006894788608) XP: 1649 + 400 = 2049 | Zeit im Channel: 209 | Total: 1298
2023.01.15, 20:54:52 UTC -> GUILD: 396282694906150913 | #VOICE XP --> USER: Maxus23 (ID: 1061420637933015132) XP: 7412 + 248 = 7660 | Zeit im Channel: 124 | Total: 508
2023.01.15, 20:54:54 UTC -> GUILD: 396282694906150913 | #VOICE XP --> USER: sparrx89 (ID: 1064244297509118113) XP: 2613 + 366 = 2979 | Zeit im Channel: 183 | Total: 690
2023.01.15, 20:55:43 UTC -> GUILD: 994975619521712219 | #VOICE XP --> USER: Danny (ID: 539513467313455105) XP: 7923 + 0 = 7923 | Zeit im Channel: 0 | Total: 9
2023.01.15, 20:58:02 UTC -> GUILD: 396282694906150913 | #VOICE XP --> USER: Kiguré (ID: 899667591478525982) XP: 1742 + 286 = 2028 | Zeit im Channel: 143 | Total: 150
2023.01.15, 20:58:13 UTC -> GUILD: 396282694906150913 | #RANK UP --> USER: Tobaggo (ID: 1042964780643795035) wurde zum Hauptfeuerwehrmann befördert
2023.01.15, 20:58:14 UTC -> GUILD: 396282694906150913 | #VOICE XP --> USER: Tobaggo (ID: 1042964780643795035) XP: 1612 + 314 = 1926 | Zeit im Channel: 157 | Total: 719
2023.01.15, 21:07:45 UTC -> GUILD: 396282694906150913 | #VOICE XP --> USER: Excalibur_1918 (ID: 629244446050877441) XP: 3824 + 236 = 4060 | Zeit im Channel: 118 | Total: 351
2023.01.15, 21:07:46 UTC -> GUILD: 396282694906150913 | #VOICE XP --> USER: J4n (ID: 300311619747971083) XP: 6202 + 218 = 6420 | Zeit im Channel: 109 | Total: 887
2023.01.15, 21:07:47 UTC -> GUILD: 396282694906150913 | #VOICE XP --> USER: Bonzi (ID: 361864274169036801) XP: 13782 + 314 = 14096 | Zeit im Channel: 157 | Total: 811
2023.01.15, 21:07:49 UTC -> GUILD: 396282694906150913 | #RANK UP --> USER: Benni (ID: 488760922936967172) wurde zum Oberfeuerwehrmann befördert
2023.01.15, 21:07:49 UTC -> GUILD: 396282694906150913 | #VOICE XP --> USER: Benni (ID: 488760922936967172) XP: 388 + 400 = 788 | Zeit im Channel: 264 | Total: 264
2023.01.15, 21:11:38 UTC -> GUILD: 994975619521712219 | #GET XP --> USER: Danny (ID: 539513467313455105) XP: 7923 + 24 = 7947
2023.01.15, 21:14:09 UTC -> GUILD: 994975619521712219 | #GET XP --> USER: Danny (ID: 539513467313455105) XP: 7947 + 6 = 7953
2023.01.15, 21:19:20 UTC -> GUILD: 396282694906150913 | #USER: ~Jona~ (ID: 402145754518650891) XP: 1361 + 42 = 1403 | Zeit im Channel: 21 | Total: 21
2023.01.15, 21:20:17 UTC -> GUILD: 396282694906150913 | #GET XP --> USER: AirStrike01 (ID: 335054083163553792) XP: 4180 + 21 = 4201
2023.01.15, 21:21:17 UTC -> GUILD: 396282694906150913 | #VOICE XP --> USER: Goyote | Jeff (ID: 450259740153479189) XP: 3305 + 106 = 3411 | Zeit im Channel: 106 | Total: 346
2023.01.15, 21:21:18 UTC -> GUILD: 396282694906150913 | #VOICE XP --> USER: Freisi (ID: 657575528378793985) XP: 1268 + 101 = 1369 | Zeit im Channel: 101 | Total: 529
2023.01.15, 21:21:19 UTC -> GUILD: 396282694906150913 | #VOICE XP --> USER: Kalten410 (ID: 1021472368075493486) XP: 3018 + 100 = 3118 | Zeit im Channel: 100 | Total: 511
